<?xml version="1.0" encoding="UTF-8"?>
<testng-results skipped="0" failed="0" ignored="0" total="1" passed="1">
  <reporter-output>
  </reporter-output>
  <suite name="Default suite" duration-ms="59059" started-at="2019-05-15T11:21:46Z" finished-at="2019-05-15T11:22:45Z">
    <groups>
    </groups>
    <test name="Default test" duration-ms="59059" started-at="2019-05-15T11:21:46Z" finished-at="2019-05-15T11:22:45Z">
      <class name="com.amazonCheckout_Test.TC_AmazonCheckoutFieldTesting_001">
        <test-method status="PASS" signature="setUp()[pri:0, instance:com.amazonCheckout_Test.TC_AmazonCheckoutFieldTesting_001@548e7350]" name="setUp" is-config="true" duration-ms="11887" started-at="2019-05-15T11:21:46Z" finished-at="2019-05-15T11:21:58Z">
          <reporter-output>
          </reporter-output>
        </test-method> <!-- setUp -->
        <test-method status="PASS" signature="testProductSearch()[pri:0, instance:com.amazonCheckout_Test.TC_AmazonCheckoutFieldTesting_001@548e7350]" name="testProductSearch" duration-ms="46347" started-at="2019-05-15T11:21:58Z" finished-at="2019-05-15T11:22:44Z">
          <reporter-output>
          </reporter-output>
        </test-method> <!-- testProductSearch -->
        <test-method status="PASS" signature="tearDown()[pri:0, instance:com.amazonCheckout_Test.TC_AmazonCheckoutFieldTesting_001@548e7350]" name="tearDown" is-config="true" duration-ms="798" started-at="2019-05-15T11:22:44Z" finished-at="2019-05-15T11:22:45Z">
          <reporter-output>
          </reporter-output>
        </test-method> <!-- tearDown -->
      </class> <!-- com.amazonCheckout_Test.TC_AmazonCheckoutFieldTesting_001 -->
    </test> <!-- Default test -->
  </suite> <!-- Default suite -->
</testng-results>
